        -:    0:Source:/mnt/c/TEME C C++/OOP/lab6-7/activity.h
        -:    0:Graph:/mnt/c/TEME C C++/OOP/lab6-7/cmake-build-debug-coverage/CMakeFiles/lab6_7.dir/activity.cpp.gcno
        -:    0:Data:/mnt/c/TEME C C++/OOP/lab6-7/cmake-build-debug-coverage/CMakeFiles/lab6_7.dir/activity.cpp.gcda
        -:    0:Runs:1
        -:    1://
        -:    2:// Created by bmaco on 03.04.2024.
        -:    3://
        -:    4:
        -:    5:#ifndef LAB6_7_ACTIVITY_H
        -:    6:#define LAB6_7_ACTIVITY_H
        -:    7:
        -:    8:#include <string>
        -:    9:#include <iostream>
        -:   10:#include "Exceptions.h"
        -:   11:
        -:   12:using namespace std;
        -:   13:
        -:   14:class Validator {
        -:   15:public:
        -:   16:    void validateActivity(string title, string description, string type, int duration);
        -:   17:};
        -:   18:
        -:   19:class Activity {
        -:   20:private:
        -:   21:    string title;
        -:   22:    string description;
        -:   23:    string type;
        -:   24:    int duration;
        -:   25:public:
        -:   26:    string getTitle() const;
        -:   27:
        -:   28:    string getDescription() const;
        -:   29:
        -:   30:    string getType() const;
        -:   31:
        -:   32:    int getDuration() const;
        -:   33:
        -:   34:    Activity() = default;
        -:   35:
function _ZN8ActivityC2ENSt7__cxx1112basic_stringIcSt11char_traitsIcESaIcEEES5_S5_i called 0 returned 0% blocks executed 0%
    #####:   36:    Activity(string title, string description, string type, int duration) : title(title), description(description),
    %%%%%:   36-block  0
call    0 never executed
call    1 never executed
branch  2 never executed
branch  3 never executed
    #####:   37:                                                                            type(type), duration(duration) {}
    %%%%%:   37-block  0
call    0 never executed
branch  1 never executed
branch  2 never executed
    %%%%%:   37-block  1
    $$$$$:   37-block  2
call    3 never executed
    $$$$$:   37-block  3
call    4 never executed
        -:   38:
        -:   39:    Activity(const Activity &other): title(other.title), description(other.description), type(other.type), duration(other.duration) {}
        -:   40:
        -:   41:
        -:   42:
        -:   43:
        -:   44:    int operator==(const Activity &other){
        -:   45:        return other.title == title && other.description == description && other.type == type && other.duration == duration;
        -:   46:    }
        -:   47:};
        -:   48:
        -:   49:void testCreateActivity();
        -:   50:
        -:   51:#endif //LAB6_7_ACTIVITY_H
