        -:    0:Source:/mnt/c/TEME C C++/OOP/lab6-7/activity.cpp
        -:    0:Graph:/mnt/c/TEME C C++/OOP/lab6-7/cmake-build-debug-coverage/CMakeFiles/lab6_7.dir/activity.cpp.gcno
        -:    0:Data:/mnt/c/TEME C C++/OOP/lab6-7/cmake-build-debug-coverage/CMakeFiles/lab6_7.dir/activity.cpp.gcda
        -:    0:Runs:1
        -:    1://
        -:    2:// Created by bmaco on 03.04.2024.
        -:    3://
        -:    4:
        -:    5:#include <cassert>
        -:    6:#include "activity.h"
        -:    7:
        -:    8:
        -:    9:
function _ZNK8Activity8getTitleB5cxx11Ev called 155 returned 100% blocks executed 100%
      155:   10:string Activity::getTitle() const {
      155:   11:    return title;
      155:   11-block  0
call    0 returned 155
        -:   12:}
        -:   13:
function _ZNK8Activity14getDescriptionB5cxx11Ev called 20 returned 100% blocks executed 100%
       20:   14:string Activity::getDescription() const {
       20:   15:    return description;
       20:   15-block  0
call    0 returned 20
        -:   16:}
        -:   17:
function _ZNK8Activity7getTypeB5cxx11Ev called 57 returned 100% blocks executed 100%
       57:   18:string Activity::getType() const {
       57:   19:    return type;
       57:   19-block  0
call    0 returned 57
        -:   20:}
        -:   21:
function _ZNK8Activity11getDurationEv called 15 returned 100% blocks executed 100%
       15:   22:int Activity::getDuration() const {
       15:   23:    return duration;
       15:   23-block  0
        -:   24:}
        -:   25:
        -:   26:/// Checks if a string is valid
        -:   27:/// \param str string
        -:   28:/// \return true/false
function _Z11validStringNSt7__cxx1112basic_stringIcSt11char_traitsIcESaIcEEE called 100 returned 100% blocks executed 87%
      100:   29:bool validString(string str) {
     100*:   30:    if (str.empty()) return false;
      100:   30-block  0
call    0 returned 100
branch  1 taken 0 (fallthrough)
branch  2 taken 100
    %%%%%:   30-block  1
      329:   31:    for (int i = 0; i < (int)str.size(); i++) {
      100:   31-block  0
      229:   31-block  1
      329:   31-block  2
call    0 returned 329
branch  1 taken 230
branch  2 taken 99 (fallthrough)
     231*:   32:        if (!((str.at(i) >= 'a' && str.at(i) <= 'z') || (str.at(i) >= 'A' && str.at(i) <= 'Z') ||
      230:   32-block  0
call    0 returned 230
branch  1 taken 229 (fallthrough)
branch  2 taken 1
      229:   32-block  1
call    3 returned 229
branch  4 taken 0 (fallthrough)
branch  5 taken 229
        1:   32-block  2
call    6 returned 1
branch  7 taken 0 (fallthrough)
branch  8 taken 1
    %%%%%:   32-block  3
call    9 never executed
branch 10 never executed
branch 11 never executed
        1:   32-block  4
      229:   32-block  5
      230:   32-block  6
branch 12 taken 1 (fallthrough)
branch 13 taken 229
        1:   33:              str.at(i) == ' '))
        1:   33-block  0
call    0 returned 1
branch  1 taken 1 (fallthrough)
branch  2 taken 0
        1:   34:            return false;
        1:   34-block  0
        -:   35:    }
       99:   36:    return true;
       99:   36-block  0
        -:   37:}
        -:   38:
        -:   39:/// Checks if an activity is valid
        -:   40:/// \param title string
        -:   41:/// \param description string
        -:   42:/// \param type string
        -:   43:/// \param duration int
function _ZN9Validator16validateActivityENSt7__cxx1112basic_stringIcSt11char_traitsIcESaIcEEES5_S5_i called 33 returned 100% blocks executed 43%
       33:   44:void Validator::validateActivity(std::string title, std::string description, std::string type, int duration) {
       33:   45:    string errors;
       33:   45-block  0
call    0 returned 33
        -:   46:
      33*:   47:    if (!validString(title)) errors.append("Denumirea este invalida!\n");
call    0 returned 33
branch  1 taken 33 (fallthrough)
branch  2 taken 0 (throw)
       33:   47-block  0
call    3 returned 33
branch  4 taken 33 (fallthrough)
branch  5 taken 0 (throw)
       33:   47-block  1
call    6 returned 33
branch  7 taken 0 (fallthrough)
branch  8 taken 33
    %%%%%:   47-block  2
call    9 never executed
branch 10 never executed
branch 11 never executed
    $$$$$:   47-block  3
call   12 never executed
    $$$$$:   47-block  4
      33*:   48:    if (!validString(description)) errors.append("Destinatia este invalida!\n");
       33:   48-block  0
call    0 returned 33
branch  1 taken 33 (fallthrough)
branch  2 taken 0 (throw)
       33:   48-block  1
call    3 returned 33
branch  4 taken 33 (fallthrough)
branch  5 taken 0 (throw)
       33:   48-block  2
call    6 returned 33
branch  7 taken 0 (fallthrough)
branch  8 taken 33
    %%%%%:   48-block  3
call    9 never executed
branch 10 never executed
branch 11 never executed
    $$$$$:   48-block  4
call   12 never executed
    $$$$$:   48-block  5
      33*:   49:    if (!validString(type)) errors.append("Tipul este invalid!\n");
       33:   49-block  0
call    0 returned 33
branch  1 taken 33 (fallthrough)
branch  2 taken 0 (throw)
       33:   49-block  1
call    3 returned 33
branch  4 taken 33 (fallthrough)
branch  5 taken 0 (throw)
       33:   49-block  2
call    6 returned 33
branch  7 taken 0 (fallthrough)
branch  8 taken 33
    %%%%%:   49-block  3
call    9 never executed
branch 10 never executed
branch 11 never executed
    $$$$$:   49-block  4
call   12 never executed
    $$$$$:   49-block  5
      33*:   50:    if (duration <= 0) errors.append("Pretul este invalid!\n");
       33:   50-block  0
branch  0 taken 0 (fallthrough)
branch  1 taken 33
    %%%%%:   50-block  1
call    2 never executed
branch  3 never executed
branch  4 never executed
      33*:   51:    if (!errors.empty()) throw Exception(errors);
       33:   51-block  0
call    0 returned 33
branch  1 taken 0 (fallthrough)
branch  2 taken 33
    %%%%%:   51-block  1
call    3 never executed
call    4 never executed
branch  5 never executed
branch  6 never executed
    %%%%%:   51-block  2
call    7 never executed
branch  8 never executed
branch  9 never executed
    %%%%%:   51-block  3
call   10 never executed
call   11 never executed
    $$$$$:   51-block  4
call   12 never executed
    $$$$$:   51-block  5
    $$$$$:   51-block  6
call   13 never executed
       33:   52:}
       33:   52-block  0
call    0 returned 33
    $$$$$:   52-block  1
call    1 never executed
        -:   53:
        -:   54://tests
function _Z18testCreateActivityv called 1 returned 100% blocks executed 54%
        1:   55:void testCreateActivity() {
        2:   56:    Activity activity("a", "b", "c", 1);
        1:   56-block  0
call    0 returned 1
call    1 returned 1
branch  2 taken 1 (fallthrough)
branch  3 taken 0 (throw)
        1:   56-block  1
call    4 returned 1
call    5 returned 1
branch  6 taken 1 (fallthrough)
branch  7 taken 0 (throw)
        1:   56-block  2
call    8 returned 1
call    9 returned 1
branch 10 taken 1 (fallthrough)
branch 11 taken 0 (throw)
        1:   56-block  3
call   12 returned 1
branch 13 taken 1 (fallthrough)
branch 14 taken 0 (throw)
call   15 returned 1
call   16 returned 1
call   17 returned 1
call   18 returned 1
call   19 returned 1
    $$$$$:   56-block  4
    $$$$$:   56-block  5
    $$$$$:   56-block  6
    $$$$$:   56-block  7
    $$$$$:   56-block  8
    $$$$$:   56-block  9
       1*:   57:    assert(activity.getTitle() == "a");
call    0 returned 1
branch  1 taken 1 (fallthrough)
branch  2 taken 0 (throw)
        1:   57-block  0
call    3 returned 1
branch  4 taken 0 (fallthrough)
branch  5 taken 1
    %%%%%:   57-block  1
call    6 never executed
        1:   57-block  2
call    7 returned 1
       1*:   58:    assert(activity.getDescription() == "b");
call    0 returned 1
branch  1 taken 1 (fallthrough)
branch  2 taken 0 (throw)
        1:   58-block  0
call    3 returned 1
branch  4 taken 0 (fallthrough)
branch  5 taken 1
    %%%%%:   58-block  1
call    6 never executed
        1:   58-block  2
call    7 returned 1
       1*:   59:    assert(activity.getType() == "c");
call    0 returned 1
branch  1 taken 1 (fallthrough)
branch  2 taken 0 (throw)
        1:   59-block  0
call    3 returned 1
branch  4 taken 0 (fallthrough)
branch  5 taken 1
    %%%%%:   59-block  1
call    6 never executed
        1:   59-block  2
call    7 returned 1
       1*:   60:    assert(activity.getDuration() == 1);
call    0 returned 1
branch  1 taken 0 (fallthrough)
branch  2 taken 1
    %%%%%:   60-block  0
call    3 never executed
       1*:   61:    assert(validString("#") == false);
        1:   61-block  0
call    0 returned 1
call    1 returned 1
branch  2 taken 1 (fallthrough)
branch  3 taken 0 (throw)
        1:   61-block  1
call    4 returned 1
branch  5 taken 1 (fallthrough)
branch  6 taken 0 (throw)
        1:   61-block  2
branch  7 taken 0 (fallthrough)
branch  8 taken 1
    %%%%%:   61-block  3
call    9 never executed
        1:   61-block  4
call   10 returned 1
call   11 returned 1
    $$$$$:   61-block  5
call   12 never executed
    $$$$$:   61-block  6
    $$$$$:   61-block  7
call   13 never executed
    $$$$$:   61-block  8
        1:   62:}
call    0 returned 1
    $$$$$:   62-block  0
call    1 never executed
        -:   63:
        -:   64:
        -:   65:
        -:   66:
        -:   67:
        -:   68:
