        -:    0:Source:/mnt/c/TEME C C++/OOP/lab6-7/currentActivities.cpp
        -:    0:Graph:/mnt/c/TEME C C++/OOP/lab6-7/cmake-build-debug-coverage/CMakeFiles/lab6_7.dir/currentActivities.cpp.gcno
        -:    0:Data:/mnt/c/TEME C C++/OOP/lab6-7/cmake-build-debug-coverage/CMakeFiles/lab6_7.dir/currentActivities.cpp.gcda
        -:    0:Runs:1
        -:    1://
        -:    2:// Created by bmaco on 24.04.2024.
        -:    3://
        -:    4:#include "currentActivities.h"
        -:    5:
function _ZN17currentActivities3addERK8Activity called 2 returned 100% blocks executed 100%
        2:    6:void currentActivities::add(const Activity &activity) {
        2:    7:    current_activities.push_back(activity);
        2:    7-block  0
call    0 returned 2
        2:    8:}
        -:    9:
function _ZN17currentActivities5clearEv called 1 returned 100% blocks executed 100%
        1:   10:void currentActivities::clear() {
        1:   11:    current_activities.clear();
        1:   11-block  0
call    0 returned 1
        1:   12:}
        -:   13:
function _ZN17currentActivities8generateEiSt6vectorI8ActivitySaIS1_EE called 2 returned 100% blocks executed 82%
        2:   14:void currentActivities::generate(int nr, vector<Activity> activities) {
        9:   15:    while(nr){
        2:   15-block  0
        9:   15-block  1
branch  0 taken 7
branch  1 taken 2 (fallthrough)
        7:   16:        std::mt19937 mt{ std::random_device{}() };
        7:   16-block  0
call    0 returned 7
branch  1 taken 7 (fallthrough)
branch  2 taken 0 (throw)
        7:   16-block  1
call    3 returned 7
branch  4 taken 7 (fallthrough)
branch  5 taken 0 (throw)
        7:   16-block  2
call    6 returned 7
branch  7 taken 7 (fallthrough)
branch  8 taken 0 (throw)
        7:   16-block  3
call    9 returned 7
    $$$$$:   16-block  4
call   10 never executed
    $$$$$:   16-block  5
        7:   17:        std::uniform_int_distribution<> dist(0, (int)activities.size()-1);
call    0 returned 7
call    1 returned 7
branch  2 taken 7 (fallthrough)
branch  3 taken 0 (throw)
        7:   18:        int rndNr = dist(mt);
        7:   18-block  0
call    0 returned 7
branch  1 taken 7 (fallthrough)
branch  2 taken 0 (throw)
        7:   19:        current_activities.push_back(activities[rndNr]);
        7:   19-block  0
call    0 returned 7
call    1 returned 7
branch  2 taken 7 (fallthrough)
branch  3 taken 0 (throw)
        7:   20:        nr--;
        7:   20-block  0
        -:   21:    }
        2:   22:}
        2:   22-block  0
        -:   23:
function _ZNK17currentActivities4listEv called 4 returned 100% blocks executed 100%
        4:   24:const vector<Activity>& currentActivities::list() const {
        4:   25:    return current_activities;
        4:   25-block  0
        -:   26:}
        -:   27:
function _ZN17currentActivities4sizeEv called 5 returned 100% blocks executed 100%
        5:   28:int currentActivities::size() {
        5:   29:    return (int)current_activities.size();
        5:   29-block  0
call    0 returned 5
        -:   30:}
