        -:    0:Source:/mnt/c/TEME C C++/OOP/lab6-7/export.cpp
        -:    0:Graph:/mnt/c/TEME C C++/OOP/lab6-7/cmake-build-debug-coverage/CMakeFiles/lab6_7.dir/export.cpp.gcno
        -:    0:Data:/mnt/c/TEME C C++/OOP/lab6-7/cmake-build-debug-coverage/CMakeFiles/lab6_7.dir/export.cpp.gcda
        -:    0:Runs:1
        -:    1:#include "export.h"
        -:    2:#include "activity.h"
        -:    3:#include <fstream>
        -:    4:#include <string>
        -:    5:#include <vector>
        -:    6:
        -:    7:/*
        -:    8:Scrie in fisierul fName lista de animale
        -:    9:in format Comma Separated Values
        -:   10:arunca PetException daca nu poate crea fisierul
        -:   11:*/
function _Z11exportToCVSRKNSt7__cxx1112basic_stringIcSt11char_traitsIcESaIcEEERKSt6vectorI8ActivitySaIS8_EE called 2 returned 50% blocks executed 70%
        2:   12:void exportToCVS(const string& fName,const vector<Activity>& activities) {
        2:   13:    ofstream out(fName, std::ios::trunc);
        2:   13-block  0
call    0 returned 2
branch  1 taken 2 (fallthrough)
branch  2 taken 0 (throw)
        2:   14:    if (!out.is_open()) {
        2:   14-block  0
call    0 returned 2
branch  1 taken 2 (fallthrough)
branch  2 taken 0 (throw)
        2:   14-block  1
branch  3 taken 1 (fallthrough)
branch  4 taken 1
        1:   15:        throw Exception("Unable to open file:" + fName);
        1:   15-block  0
call    0 returned 1
call    1 returned 1
branch  2 taken 1 (fallthrough)
branch  3 taken 0 (throw)
        1:   15-block  1
call    4 returned 1
branch  5 taken 1 (fallthrough)
branch  6 taken 0 (throw)
        1:   15-block  2
call    7 returned 1
call    8 returned 1
    $$$$$:   15-block  3
call    9 never executed
    $$$$$:   15-block  4
    $$$$$:   15-block  5
call   10 never executed
        -:   16:    }
        4:   17:    for (const auto& activity : activities) {
        1:   17-block  0
call    0 returned 1
call    1 returned 1
        3:   17-block  1
call    2 returned 3
        3:   17-block  2
call    3 returned 3
        4:   17-block  3
call    4 returned 4
branch  5 taken 3
branch  6 taken 1 (fallthrough)
        3:   18:        out << activity.getTitle() << ",";
call    0 returned 3
branch  1 taken 3 (fallthrough)
branch  2 taken 0 (throw)
        3:   18-block  0
call    3 returned 3
branch  4 taken 3 (fallthrough)
branch  5 taken 0 (throw)
        3:   18-block  1
call    6 returned 3
branch  7 taken 3 (fallthrough)
branch  8 taken 0 (throw)
        3:   18-block  2
call    9 returned 3
    $$$$$:   18-block  3
call   10 never executed
    $$$$$:   18-block  4
        3:   19:        out << activity.getDescription() << ",";
call    0 returned 3
branch  1 taken 3 (fallthrough)
branch  2 taken 0 (throw)
        3:   19-block  0
call    3 returned 3
branch  4 taken 3 (fallthrough)
branch  5 taken 0 (throw)
        3:   19-block  1
call    6 returned 3
branch  7 taken 3 (fallthrough)
branch  8 taken 0 (throw)
        3:   19-block  2
call    9 returned 3
    $$$$$:   19-block  3
call   10 never executed
    $$$$$:   19-block  4
        3:   20:        out << activity.getType() << ",";
call    0 returned 3
branch  1 taken 3 (fallthrough)
branch  2 taken 0 (throw)
        3:   20-block  0
call    3 returned 3
branch  4 taken 3 (fallthrough)
branch  5 taken 0 (throw)
        3:   20-block  1
call    6 returned 3
branch  7 taken 3 (fallthrough)
branch  8 taken 0 (throw)
        3:   20-block  2
call    9 returned 3
    $$$$$:   20-block  3
call   10 never executed
    $$$$$:   20-block  4
        3:   21:        out << activity.getDuration() << '\n';
call    0 returned 3
branch  1 taken 3 (fallthrough)
branch  2 taken 0 (throw)
        3:   21-block  0
call    3 returned 3
branch  4 taken 3 (fallthrough)
branch  5 taken 0 (throw)
        3:   21-block  1
call    6 returned 3
branch  7 taken 3 (fallthrough)
branch  8 taken 0 (throw)
        -:   22:    }
        1:   23:    out.close();
        1:   23-block  0
call    0 returned 1
branch  1 taken 1 (fallthrough)
branch  2 taken 0 (throw)
        2:   24:}
        1:   24-block  0
call    0 returned 1
        1:   24-block  1
call    1 returned 1
        -:   25:/*
        -:   26:Scrie in fisierul fName lista de animale
        -:   27:in format HTML
        -:   28:arunca PetException daca nu poate crea fisierul
        -:   29:*/
function _Z12exportToHTMLRKNSt7__cxx1112basic_stringIcSt11char_traitsIcESaIcEEERKSt6vectorI8ActivitySaIS8_EE called 2 returned 50% blocks executed 79%
        2:   30:void exportToHTML(const string& fName, const vector<Activity>& activities) {
        2:   31:    ofstream out(fName, std::ios::trunc);
        2:   31-block  0
call    0 returned 2
branch  1 taken 2 (fallthrough)
branch  2 taken 0 (throw)
        2:   32:    if (!out.is_open()) {
        2:   32-block  0
call    0 returned 2
branch  1 taken 2 (fallthrough)
branch  2 taken 0 (throw)
        2:   32-block  1
branch  3 taken 1 (fallthrough)
branch  4 taken 1
        1:   33:        throw Exception("Unable to open file:" + fName);
        1:   33-block  0
call    0 returned 1
call    1 returned 1
branch  2 taken 1 (fallthrough)
branch  3 taken 0 (throw)
        1:   33-block  1
call    4 returned 1
branch  5 taken 1 (fallthrough)
branch  6 taken 0 (throw)
        1:   33-block  2
call    7 returned 1
call    8 returned 1
    $$$$$:   33-block  3
call    9 never executed
    $$$$$:   33-block  4
    $$$$$:   33-block  5
call   10 never executed
        -:   34:    }
        1:   35:    out << "<html><body>" << '\n';
        1:   35-block  0
call    0 returned 1
branch  1 taken 1 (fallthrough)
branch  2 taken 0 (throw)
        1:   35-block  1
call    3 returned 1
branch  4 taken 1 (fallthrough)
branch  5 taken 0 (throw)
        1:   36:    out << "<table border=\"1\" style=\"width:100 % \">" << '\n';
        1:   36-block  0
call    0 returned 1
branch  1 taken 1 (fallthrough)
branch  2 taken 0 (throw)
        1:   36-block  1
call    3 returned 1
branch  4 taken 1 (fallthrough)
branch  5 taken 0 (throw)
        4:   37:    for (const auto& activity : activities) {
        1:   37-block  0
call    0 returned 1
call    1 returned 1
        3:   37-block  1
call    2 returned 3
        3:   37-block  2
call    3 returned 3
        4:   37-block  3
call    4 returned 4
branch  5 taken 3
branch  6 taken 1 (fallthrough)
        3:   38:        out << "<tr>" << '\n';
call    0 returned 3
branch  1 taken 3 (fallthrough)
branch  2 taken 0 (throw)
        3:   38-block  0
call    3 returned 3
branch  4 taken 3 (fallthrough)
branch  5 taken 0 (throw)
        3:   39:        out << "<td>" << activity.getTitle() << "</td>"<<'\n';
        3:   39-block  0
call    0 returned 3
branch  1 taken 3 (fallthrough)
branch  2 taken 0 (throw)
        3:   39-block  1
call    3 returned 3
branch  4 taken 3 (fallthrough)
branch  5 taken 0 (throw)
        3:   39-block  2
call    6 returned 3
branch  7 taken 3 (fallthrough)
branch  8 taken 0 (throw)
        3:   39-block  3
call    9 returned 3
branch 10 taken 3 (fallthrough)
branch 11 taken 0 (throw)
        3:   39-block  4
call   12 returned 3
branch 13 taken 3 (fallthrough)
branch 14 taken 0 (throw)
        3:   39-block  5
call   15 returned 3
    $$$$$:   39-block  6
call   16 never executed
    $$$$$:   39-block  7
        3:   40:        out << "<td>" << activity.getDescription() << "</td>" << '\n';
call    0 returned 3
branch  1 taken 3 (fallthrough)
branch  2 taken 0 (throw)
        3:   40-block  0
call    3 returned 3
branch  4 taken 3 (fallthrough)
branch  5 taken 0 (throw)
        3:   40-block  1
call    6 returned 3
branch  7 taken 3 (fallthrough)
branch  8 taken 0 (throw)
        3:   40-block  2
call    9 returned 3
branch 10 taken 3 (fallthrough)
branch 11 taken 0 (throw)
        3:   40-block  3
call   12 returned 3
branch 13 taken 3 (fallthrough)
branch 14 taken 0 (throw)
        3:   40-block  4
call   15 returned 3
    $$$$$:   40-block  5
call   16 never executed
    $$$$$:   40-block  6
        3:   41:        out << "<td>" << activity.getType() << "</td>" << '\n';
call    0 returned 3
branch  1 taken 3 (fallthrough)
branch  2 taken 0 (throw)
        3:   41-block  0
call    3 returned 3
branch  4 taken 3 (fallthrough)
branch  5 taken 0 (throw)
        3:   41-block  1
call    6 returned 3
branch  7 taken 3 (fallthrough)
branch  8 taken 0 (throw)
        3:   41-block  2
call    9 returned 3
branch 10 taken 3 (fallthrough)
branch 11 taken 0 (throw)
        3:   41-block  3
call   12 returned 3
branch 13 taken 3 (fallthrough)
branch 14 taken 0 (throw)
        3:   41-block  4
call   15 returned 3
    $$$$$:   41-block  5
call   16 never executed
    $$$$$:   41-block  6
        3:   42:        out << "<td>" << activity.getDuration() << "</td>" << '\n';
call    0 returned 3
branch  1 taken 3 (fallthrough)
branch  2 taken 0 (throw)
        3:   42-block  0
call    3 returned 3
branch  4 taken 3 (fallthrough)
branch  5 taken 0 (throw)
        3:   42-block  1
call    6 returned 3
branch  7 taken 3 (fallthrough)
branch  8 taken 0 (throw)
        3:   42-block  2
call    9 returned 3
branch 10 taken 3 (fallthrough)
branch 11 taken 0 (throw)
        3:   42-block  3
call   12 returned 3
branch 13 taken 3 (fallthrough)
branch 14 taken 0 (throw)
        3:   43:        out << "</tr>" << '\n';
        3:   43-block  0
call    0 returned 3
branch  1 taken 3 (fallthrough)
branch  2 taken 0 (throw)
        3:   43-block  1
call    3 returned 3
branch  4 taken 3 (fallthrough)
branch  5 taken 0 (throw)
        -:   44:    }
        1:   45:    out << "</table>" << '\n';
        1:   45-block  0
call    0 returned 1
branch  1 taken 1 (fallthrough)
branch  2 taken 0 (throw)
        1:   45-block  1
call    3 returned 1
branch  4 taken 1 (fallthrough)
branch  5 taken 0 (throw)
        1:   46:    out << "</body></html>" << '\n';
        1:   46-block  0
call    0 returned 1
branch  1 taken 1 (fallthrough)
branch  2 taken 0 (throw)
        1:   46-block  1
call    3 returned 1
branch  4 taken 1 (fallthrough)
branch  5 taken 0 (throw)
        1:   47:    out.close();
        1:   47-block  0
call    0 returned 1
branch  1 taken 1 (fallthrough)
branch  2 taken 0 (throw)
        2:   48:}
        1:   48-block  0
call    0 returned 1
        1:   48-block  1
call    1 returned 1
