        -:    0:Source:/mnt/c/TEME C C++/OOP/lab6-7/main.cpp
        -:    0:Graph:/mnt/c/TEME C C++/OOP/lab6-7/cmake-build-debug-coverage/CMakeFiles/lab6_7.dir/main.cpp.gcno
        -:    0:Data:/mnt/c/TEME C C++/OOP/lab6-7/cmake-build-debug-coverage/CMakeFiles/lab6_7.dir/main.cpp.gcda
        -:    0:Runs:1
        -:    1:#include "activity.h"
        -:    2:#include "repository.h"
        -:    3:#include "ui.h"
        -:    4:
function _Z7testAllv called 1 returned 100% blocks executed 100%
        1:    5:void testAll() {
        1:    6:    testCreateActivity();
        1:    6-block  0
call    0 returned 1
        1:    7:    testLoadWrite();
call    0 returned 1
        1:    8:    testAdd();
call    0 returned 1
        1:    9:    testDel();
call    0 returned 1
        1:   10:    testModify();
call    0 returned 1
        1:   11:    testSearch();
call    0 returned 1
        1:   12:    testServiceAdd();
call    0 returned 1
        1:   13:    testServiceDelete();
call    0 returned 1
        1:   14:    testServiceModify();
call    0 returned 1
        1:   15:    testServiceSearch();
call    0 returned 1
        1:   16:    testServiceFilter();
call    0 returned 1
        1:   17:    testServiceAddCurrent();
call    0 returned 1
        1:   18:    testServiceDeleteCurrent();
call    0 returned 1
        1:   19:    testServiceGenerateCurrent();
call    0 returned 1
        1:   20:    testSort();
call    0 returned 1
        1:   21:    testServiceReport();
call    0 returned 1
        1:   22:    testServiceExport();
call    0 returned 1
        1:   23:    testServiceUndo();
call    0 returned 1
        -:   24:
        1:   25:}
        -:   26:
function main called 1 returned 100% blocks executed 100%
        1:   27:int main() {
        1:   28:    testAll();
        1:   28-block  0
call    0 returned 1
branch  1 taken 1 (fallthrough)
branch  2 taken 0 (throw)
        1:   29:    Repository repository;
        1:   29-block  0
call    0 returned 1
        1:   30:    ProbRepository probRepository(1);
call    0 returned 1
        -:   31:    //FileRepository frepository;
        1:   32:    Service service(probRepository);
call    0 returned 1
        -:   33:
        1:   34:    Ui ui(service);
call    0 returned 1
        -:   35:    //ui.run();
        1:   36:    return 0;
        1:   37:}
call    0 returned 1
call    1 returned 1
call    2 returned 1
