        -:    0:Source:/mnt/c/TEME C C++/OOP/lab6-7/currentActivities.h
        -:    0:Graph:/mnt/c/TEME C C++/OOP/lab6-7/cmake-build-debug-coverage/CMakeFiles/lab6_7.dir/service.cpp.gcno
        -:    0:Data:/mnt/c/TEME C C++/OOP/lab6-7/cmake-build-debug-coverage/CMakeFiles/lab6_7.dir/service.cpp.gcda
        -:    0:Runs:1
        -:    1://
        -:    2:// Created by bmaco on 24.04.2024.
        -:    3://
        -:    4:
        -:    5:#ifndef LAB6_7_CURRENTACTIVITIES_H
        -:    6:#define LAB6_7_CURRENTACTIVITIES_H
        -:    7:
        -:    8:#include <vector>
        -:    9:#include <algorithm>
        -:   10:#include <random>
        -:   11:#include <chrono>
        -:   12:#include "activity.h"
        -:   13:
        -:   14:class currentActivities{
        -:   15:private:
        -:   16:    vector<Activity> current_activities;
        -:   17:public:
function _ZN17currentActivitiesC2Ev called 0 returned 0% blocks executed 0%
    #####:   18:    currentActivities() = default;
    %%%%%:   18-block  0
call    0 never executed
        -:   19:
        -:   20:    void add(const Activity& activity);
        -:   21:
        -:   22:    void clear();
        -:   23:
        -:   24:    int size();
        -:   25:
        -:   26:    void generate(int nr, vector<Activity> activities);
        -:   27:
        -:   28:    [[nodiscard]] const vector<Activity>& list() const;
        -:   29:};
        -:   30:
        -:   31:#endif //LAB6_7_CURRENTACTIVITIES_H
